internal/modules/cjs/loader.js:895
  throw err;
  ^

Error: Cannot find module 'express'
Require stack:
- /home/ubuntu/gazelle/server/index.js
    at Function.Module._resolveFilename (internal/modules/cjs/loader.js:892:15)
    at Function.Module._load (internal/modules/cjs/loader.js:742:27)
    at Module.require (internal/modules/cjs/loader.js:964:19)
    at require (internal/modules/cjs/helpers.js:88:18)
    at Object.<anonymous> (/home/ubuntu/gazelle/server/index.js:1:17)
    at Module._compile (internal/modules/cjs/loader.js:1075:30)
    at Object.Module._extensions..js (internal/modules/cjs/loader.js:1096:10)
    at Module.load (internal/modules/cjs/loader.js:940:32)
    at Function.Module._load (internal/modules/cjs/loader.js:781:14)
    at Function.executeUserEntryPoint [as runMain] (internal/modules/run_main.js:72:12) {
  code: 'MODULE_NOT_FOUND',
  requireStack: [ '/home/ubuntu/gazelle/server/index.js' ]
}
listening on port 3010
listening on port 3100
listening on port 3100
listening on port 3100
